<?xml version="1.0" encoding="UTF-8"?>
<testng-results ignored="0" total="2" passed="2" failed="0" skipped="0">
  <reporter-output>
  </reporter-output>
  <suite started-at="2023-03-10T20:02:31 IST" name="Suite" finished-at="2023-03-10T20:02:31 IST" duration-ms="122">
    <groups>
    </groups>
    <test started-at="2023-03-10T20:02:31 IST" name="Test" finished-at="2023-03-10T20:02:31 IST" duration-ms="122">
      <class name="git_abc.Demo1">
        <test-method signature="name()[pri:0, instance:git_abc.Demo1@4a883b15]" started-at="2023-03-10T20:02:31 IST" name="name" finished-at="2023-03-10T20:02:31 IST" duration-ms="24" status="PASS">
          <reporter-output>
          </reporter-output>
        </test-method> <!-- name -->
      </class> <!-- git_abc.Demo1 -->
      <class name="git_abc.Demo2">
        <test-method signature="abc()[pri:0, instance:git_abc.Demo2@1ffaf86]" started-at="2023-03-10T20:02:31 IST" name="abc" finished-at="2023-03-10T20:02:31 IST" duration-ms="1" status="PASS">
          <reporter-output>
          </reporter-output>
        </test-method> <!-- abc -->
      </class> <!-- git_abc.Demo2 -->
    </test> <!-- Test -->
  </suite> <!-- Suite -->
</testng-results>
